2023-08-17 07:55:07.287  INFO 14624 --- [main] c.e.C.CarRentalApplication               : Starting CarRentalApplication using Java 20.0.1 on Asche with PID 14624 (D:\EA\Project\ProjectFinal\ea_car_rental\car-rental\target\classes started by asche in D:\EA\Project\ProjectFinal\ea_car_rental\car-rental)
2023-08-17 07:55:07.291  INFO 14624 --- [main] c.e.C.CarRentalApplication               : No active profile set, falling back to 1 default profile: "default"
2023-08-17 07:55:09.334  INFO 14624 --- [main] o.apache.catalina.core.StandardService   : Starting service [Tomcat]
2023-08-17 07:55:09.334  INFO 14624 --- [main] org.apache.catalina.core.StandardEngine  : Starting Servlet engine: [Apache Tomcat/9.0.73]
2023-08-17 07:55:09.455  INFO 14624 --- [main] o.a.c.c.C.[Tomcat].[localhost].[/]       : Initializing Spring embedded WebApplicationContext
2023-08-17 07:55:09.753  INFO 14624 --- [main] o.hibernate.jpa.internal.util.LogHelper  : HHH000204: Processing PersistenceUnitInfo [name: default]
2023-08-17 07:55:09.813  INFO 14624 --- [main] org.hibernate.Version                    : HHH000412: Hibernate ORM core version 5.6.15.Final
2023-08-17 07:55:10.113  INFO 14624 --- [main] o.hibernate.annotations.common.Version   : HCANN000001: Hibernate Commons Annotations {5.1.2.Final}
2023-08-17 07:55:10.214  INFO 14624 --- [main] com.zaxxer.hikari.HikariDataSource       : HikariPool-1 - Starting...
2023-08-17 07:55:10.228  WARN 14624 --- [main] com.zaxxer.hikari.util.DriverDataSource  : Registered driver with driverClassName=org.hsqldb.jdbcDriver was not found, trying direct instantiation.
2023-08-17 07:55:10.399  INFO 14624 --- [main] com.zaxxer.hikari.pool.PoolBase          : HikariPool-1 - Driver does not support get/set network timeout for connections. (feature not supported)
2023-08-17 07:55:10.426  INFO 14624 --- [main] com.zaxxer.hikari.HikariDataSource       : HikariPool-1 - Start completed.
2023-08-17 07:55:10.459  INFO 14624 --- [main] org.hibernate.dialect.Dialect            : HHH000400: Using dialect: org.hibernate.dialect.HSQLDialect
2023-08-17 07:55:11.172  INFO 14624 --- [main] o.h.e.t.j.p.i.JtaPlatformInitiator       : HHH000490: Using JtaPlatform implementation: [org.hibernate.engine.transaction.jta.platform.internal.NoJtaPlatform]
2023-08-17 07:55:12.839  INFO 14624 --- [main] c.e.C.CarRentalApplication               : Started CarRentalApplication in 6.011 seconds (JVM running for 7.145)
2023-08-17 07:55:13.072  INFO 14624 --- [RMI TCP Connection(1)-172.19.144.140] o.a.c.c.C.[Tomcat].[localhost].[/]       : Initializing Spring DispatcherServlet 'dispatcherServlet'
2023-08-17 07:56:04.818  INFO 14624 --- [http-nio-8085-exec-8] o.springdoc.api.AbstractOpenApiResource  : Init duration for springdoc-openapi is: 321 ms
2023-08-17 07:58:04.267  INFO 14624 --- [SpringApplicationShutdownHook] com.zaxxer.hikari.HikariDataSource       : HikariPool-1 - Shutdown initiated...
2023-08-17 07:58:04.274  INFO 14624 --- [SpringApplicationShutdownHook] com.zaxxer.hikari.HikariDataSource       : HikariPool-1 - Shutdown completed.
2023-08-17 07:58:08.651  INFO 14676 --- [main] c.e.C.CarRentalApplication               : Starting CarRentalApplication using Java 20.0.1 on Asche with PID 14676 (D:\EA\Project\ProjectFinal\ea_car_rental\car-rental\target\classes started by asche in D:\EA\Project\ProjectFinal\ea_car_rental\car-rental)
2023-08-17 07:58:08.654  INFO 14676 --- [main] c.e.C.CarRentalApplication               : No active profile set, falling back to 1 default profile: "default"
2023-08-17 07:58:10.245  INFO 14676 --- [main] o.apache.catalina.core.StandardService   : Starting service [Tomcat]
2023-08-17 07:58:10.246  INFO 14676 --- [main] org.apache.catalina.core.StandardEngine  : Starting Servlet engine: [Apache Tomcat/9.0.73]
2023-08-17 07:58:10.386  INFO 14676 --- [main] o.a.c.c.C.[Tomcat].[localhost].[/]       : Initializing Spring embedded WebApplicationContext
2023-08-17 07:58:10.885  INFO 14676 --- [main] o.hibernate.jpa.internal.util.LogHelper  : HHH000204: Processing PersistenceUnitInfo [name: default]
2023-08-17 07:58:11.049  INFO 14676 --- [main] org.hibernate.Version                    : HHH000412: Hibernate ORM core version 5.6.15.Final
2023-08-17 07:58:11.419  INFO 14676 --- [main] o.hibernate.annotations.common.Version   : HCANN000001: Hibernate Commons Annotations {5.1.2.Final}
2023-08-17 07:58:12.912  INFO 14676 --- [main] com.zaxxer.hikari.HikariDataSource       : HikariPool-1 - Starting...
2023-08-17 07:58:12.932  WARN 14676 --- [main] com.zaxxer.hikari.util.DriverDataSource  : Registered driver with driverClassName=org.hsqldb.jdbcDriver was not found, trying direct instantiation.
2023-08-17 07:58:13.597  INFO 14676 --- [main] com.zaxxer.hikari.pool.PoolBase          : HikariPool-1 - Driver does not support get/set network timeout for connections. (feature not supported)
2023-08-17 07:58:13.679  INFO 14676 --- [main] com.zaxxer.hikari.HikariDataSource       : HikariPool-1 - Start completed.
2023-08-17 07:58:13.708  INFO 14676 --- [main] org.hibernate.dialect.Dialect            : HHH000400: Using dialect: org.hibernate.dialect.HSQLDialect
2023-08-17 07:58:14.696  INFO 14676 --- [main] o.h.e.t.j.p.i.JtaPlatformInitiator       : HHH000490: Using JtaPlatform implementation: [org.hibernate.engine.transaction.jta.platform.internal.NoJtaPlatform]
2023-08-17 07:58:16.381  INFO 14676 --- [main] c.e.C.CarRentalApplication               : Started CarRentalApplication in 8.22 seconds (JVM running for 9.116)
2023-08-17 07:58:16.708  INFO 14676 --- [RMI TCP Connection(6)-172.19.144.140] o.a.c.c.C.[Tomcat].[localhost].[/]       : Initializing Spring DispatcherServlet 'dispatcherServlet'
2023-08-17 08:12:36.635  INFO 14676 --- [SpringApplicationShutdownHook] com.zaxxer.hikari.HikariDataSource       : HikariPool-1 - Shutdown initiated...
2023-08-17 08:12:36.673  INFO 14676 --- [SpringApplicationShutdownHook] com.zaxxer.hikari.HikariDataSource       : HikariPool-1 - Shutdown completed.
